[0.561s] DEBUG:colcon:Command line arguments: ['/usr/bin/colcon', 'build', '--packages-select', 'motortest']
[0.562s] DEBUG:colcon:Parsed command line arguments: Namespace(allow_overriding=[], ament_cmake_args=None, base_paths=['.'], build_base='build', catkin_cmake_args=None, catkin_skip_building_tests=False, cmake_args=None, cmake_clean_cache=False, cmake_clean_first=False, cmake_force_configure=False, cmake_target=None, cmake_target_skip_unavailable=False, continue_on_error=False, event_handlers=None, executor='parallel', ignore_user_meta=False, install_base='install', log_base=None, log_level=None, main=<bound method BuildVerb.main of <colcon_core.verb.build.BuildVerb object at 0xffff927737f0>>, merge_install=False, metas=['./colcon.meta'], packages_above=None, packages_above_and_dependencies=None, packages_above_depth=None, packages_end=None, packages_ignore=None, packages_ignore_regex=None, packages_select=['motortest'], packages_select_build_failed=False, packages_select_by_dep=None, packages_select_regex=None, packages_select_test_failures=False, packages_skip=None, packages_skip_build_finished=False, packages_skip_by_dep=None, packages_skip_regex=None, packages_skip_test_passed=False, packages_skip_up_to=None, packages_start=None, packages_up_to=None, packages_up_to_regex=None, parallel_workers=4, paths=None, symlink_install=False, test_result_base=None, verb_extension=<colcon_core.verb.build.BuildVerb object at 0xffff927737f0>, verb_name='build', verb_parser=<colcon_defaults.argument_parser.defaults.DefaultArgumentsDecorator object at 0xffff9277d4f0>)
[0.659s] Level 1:colcon.colcon_core.package_discovery:discover_packages(colcon_meta) check parameters
[0.659s] Level 1:colcon.colcon_core.package_discovery:discover_packages(recursive) check parameters
[0.659s] Level 1:colcon.colcon_core.package_discovery:discover_packages(ignore) check parameters
[0.659s] Level 1:colcon.colcon_core.package_discovery:discover_packages(path) check parameters
[0.660s] Level 1:colcon.colcon_core.package_discovery:discover_packages(colcon_meta) discover
[0.660s] Level 1:colcon.colcon_core.package_discovery:discover_packages(recursive) discover
[0.660s] INFO:colcon.colcon_core.package_discovery:Crawling recursively for packages in '/home/pi/ros2_ws/src'
[0.660s] Level 1:colcon.colcon_core.package_identification:_identify(.) by extensions ['ignore', 'ignore_ament_install']
[0.661s] Level 1:colcon.colcon_core.package_identification:_identify(.) by extension 'ignore'
[0.661s] Level 1:colcon.colcon_core.package_identification:_identify(.) by extension 'ignore_ament_install'
[0.661s] Level 1:colcon.colcon_core.package_identification:_identify(.) by extensions ['colcon_pkg']
[0.661s] Level 1:colcon.colcon_core.package_identification:_identify(.) by extension 'colcon_pkg'
[0.662s] Level 1:colcon.colcon_core.package_identification:_identify(.) by extensions ['colcon_meta']
[0.662s] Level 1:colcon.colcon_core.package_identification:_identify(.) by extension 'colcon_meta'
[0.662s] Level 1:colcon.colcon_core.package_identification:_identify(.) by extensions ['ros']
[0.662s] Level 1:colcon.colcon_core.package_identification:_identify(.) by extension 'ros'
[0.701s] Level 1:colcon.colcon_core.package_identification:_identify(.) by extensions ['cmake', 'python']
[0.702s] Level 1:colcon.colcon_core.package_identification:_identify(.) by extension 'cmake'
[0.702s] Level 1:colcon.colcon_core.package_identification:_identify(.) by extension 'python'
[0.702s] Level 1:colcon.colcon_core.package_identification:_identify(.) by extensions ['python_setup_py']
[0.702s] Level 1:colcon.colcon_core.package_identification:_identify(.) by extension 'python_setup_py'
[0.703s] Level 1:colcon.colcon_core.package_identification:_identify(build) by extensions ['ignore', 'ignore_ament_install']
[0.703s] Level 1:colcon.colcon_core.package_identification:_identify(build) by extension 'ignore'
[0.703s] Level 1:colcon.colcon_core.package_identification:_identify(build) ignored
[0.704s] Level 1:colcon.colcon_core.package_identification:_identify(install) by extensions ['ignore', 'ignore_ament_install']
[0.704s] Level 1:colcon.colcon_core.package_identification:_identify(install) by extension 'ignore'
[0.704s] Level 1:colcon.colcon_core.package_identification:_identify(install) ignored
[0.705s] Level 1:colcon.colcon_core.package_identification:_identify(log) by extensions ['ignore', 'ignore_ament_install']
[0.705s] Level 1:colcon.colcon_core.package_identification:_identify(log) by extension 'ignore'
[0.705s] Level 1:colcon.colcon_core.package_identification:_identify(log) ignored
[0.706s] Level 1:colcon.colcon_core.package_identification:_identify(motortest) by extensions ['ignore', 'ignore_ament_install']
[0.706s] Level 1:colcon.colcon_core.package_identification:_identify(motortest) by extension 'ignore'
[0.706s] Level 1:colcon.colcon_core.package_identification:_identify(motortest) by extension 'ignore_ament_install'
[0.706s] Level 1:colcon.colcon_core.package_identification:_identify(motortest) by extensions ['colcon_pkg']
[0.707s] Level 1:colcon.colcon_core.package_identification:_identify(motortest) by extension 'colcon_pkg'
[0.707s] Level 1:colcon.colcon_core.package_identification:_identify(motortest) by extensions ['colcon_meta']
[0.707s] Level 1:colcon.colcon_core.package_identification:_identify(motortest) by extension 'colcon_meta'
[0.707s] Level 1:colcon.colcon_core.package_identification:_identify(motortest) by extensions ['ros']
[0.707s] Level 1:colcon.colcon_core.package_identification:_identify(motortest) by extension 'ros'
[0.716s] DEBUG:colcon.colcon_core.package_identification:Package 'motortest' with type 'ros.ament_python' and name 'motortest'
[0.717s] Level 1:colcon.colcon_core.package_discovery:discover_packages(recursive) using defaults
[0.717s] Level 1:colcon.colcon_core.package_discovery:discover_packages(ignore) discover
[0.717s] Level 1:colcon.colcon_core.package_discovery:discover_packages(ignore) using defaults
[0.717s] Level 1:colcon.colcon_core.package_discovery:discover_packages(path) discover
[0.717s] Level 1:colcon.colcon_core.package_discovery:discover_packages(path) using defaults
[0.825s] Level 1:colcon.colcon_core.package_discovery:discover_packages(prefix_path) check parameters
[0.825s] Level 1:colcon.colcon_core.package_discovery:discover_packages(prefix_path) discover
[0.836s] DEBUG:colcon.colcon_installed_package_information.package_discovery:Found 1 installed packages in /home/pi/ros2_ws/src/install
[0.840s] DEBUG:colcon.colcon_installed_package_information.package_discovery:Found 0 installed packages in /home/pi/ros2_ws/install
[0.846s] DEBUG:colcon.colcon_installed_package_information.package_discovery:Found 168 installed packages in /opt/ros/foxy
[0.851s] Level 1:colcon.colcon_core.package_discovery:discover_packages(prefix_path) using defaults
[1.020s] Level 5:colcon.colcon_core.verb:set package 'motortest' build argument 'cmake_args' from command line to 'None'
[1.021s] Level 5:colcon.colcon_core.verb:set package 'motortest' build argument 'cmake_target' from command line to 'None'
[1.021s] Level 5:colcon.colcon_core.verb:set package 'motortest' build argument 'cmake_target_skip_unavailable' from command line to 'False'
[1.021s] Level 5:colcon.colcon_core.verb:set package 'motortest' build argument 'cmake_clean_cache' from command line to 'False'
[1.021s] Level 5:colcon.colcon_core.verb:set package 'motortest' build argument 'cmake_clean_first' from command line to 'False'
[1.021s] Level 5:colcon.colcon_core.verb:set package 'motortest' build argument 'cmake_force_configure' from command line to 'False'
[1.021s] Level 5:colcon.colcon_core.verb:set package 'motortest' build argument 'ament_cmake_args' from command line to 'None'
[1.021s] Level 5:colcon.colcon_core.verb:set package 'motortest' build argument 'catkin_cmake_args' from command line to 'None'
[1.021s] Level 5:colcon.colcon_core.verb:set package 'motortest' build argument 'catkin_skip_building_tests' from command line to 'False'
[1.022s] DEBUG:colcon.colcon_core.verb:Building package 'motortest' with the following arguments: {'ament_cmake_args': None, 'build_base': '/home/pi/ros2_ws/src/build/motortest', 'catkin_cmake_args': None, 'catkin_skip_building_tests': False, 'cmake_args': None, 'cmake_clean_cache': False, 'cmake_clean_first': False, 'cmake_force_configure': False, 'cmake_target': None, 'cmake_target_skip_unavailable': False, 'install_base': '/home/pi/ros2_ws/src/install/motortest', 'merge_install': False, 'path': '/home/pi/ros2_ws/src/motortest', 'symlink_install': False, 'test_result_base': None}
[1.024s] INFO:colcon.colcon_core.executor:Executing jobs using 'parallel' executor
[1.041s] DEBUG:colcon.colcon_parallel_executor.executor.parallel:run_until_complete
[1.042s] INFO:colcon.colcon_ros.task.ament_python.build:Building ROS package in '/home/pi/ros2_ws/src/motortest' with build type 'ament_python'
[1.043s] Level 1:colcon.colcon_core.shell:create_environment_hook('motortest', 'ament_prefix_path')
[1.060s] INFO:colcon.colcon_core.plugin_system:Skipping extension 'colcon_core.shell.bat': Not used on non-Windows systems
[1.061s] INFO:colcon.colcon_core.shell:Creating environment hook '/home/pi/ros2_ws/src/install/motortest/share/motortest/hook/ament_prefix_path.ps1'
[1.063s] INFO:colcon.colcon_core.shell:Creating environment descriptor '/home/pi/ros2_ws/src/install/motortest/share/motortest/hook/ament_prefix_path.dsv'
[1.065s] INFO:colcon.colcon_core.shell:Creating environment hook '/home/pi/ros2_ws/src/install/motortest/share/motortest/hook/ament_prefix_path.sh'
[1.072s] INFO:colcon.colcon_core.shell:Skip shell extension 'powershell' for command environment: Not usable outside of PowerShell
[1.073s] DEBUG:colcon.colcon_core.shell:Skip shell extension 'dsv' for command environment
[2.160s] INFO:colcon.colcon_core.task.python.build:Building Python package in '/home/pi/ros2_ws/src/motortest'
[2.169s] INFO:colcon.colcon_core.shell:Skip shell extension 'powershell' for command environment: Not usable outside of PowerShell
[2.169s] DEBUG:colcon.colcon_core.shell:Skip shell extension 'dsv' for command environment
[4.310s] DEBUG:colcon.colcon_core.event_handler.log_command:Invoking command in '/home/pi/ros2_ws/src/motortest': PYTHONPATH=/home/pi/ros2_ws/src/install/motortest/lib/python3.8/site-packages:${PYTHONPATH} /usr/bin/python3 setup.py egg_info --egg-base ../build/motortest build --build-base /home/pi/ros2_ws/src/build/motortest/build install --prefix /home/pi/ros2_ws/src/install/motortest --record /home/pi/ros2_ws/src/build/motortest/install.log --single-version-externally-managed
[6.048s] DEBUG:colcon.colcon_core.event_handler.log_command:Invoked command in '/home/pi/ros2_ws/src/motortest' returned '0': PYTHONPATH=/home/pi/ros2_ws/src/install/motortest/lib/python3.8/site-packages:${PYTHONPATH} /usr/bin/python3 setup.py egg_info --egg-base ../build/motortest build --build-base /home/pi/ros2_ws/src/build/motortest/build install --prefix /home/pi/ros2_ws/src/install/motortest --record /home/pi/ros2_ws/src/build/motortest/install.log --single-version-externally-managed
[6.067s] Level 1:colcon.colcon_core.environment:checking '/home/pi/ros2_ws/src/install/motortest' for CMake module files
[6.070s] Level 1:colcon.colcon_core.environment:checking '/home/pi/ros2_ws/src/install/motortest' for CMake config files
[6.073s] Level 1:colcon.colcon_core.environment:checking '/home/pi/ros2_ws/src/install/motortest/lib'
[6.074s] Level 1:colcon.colcon_core.environment:checking '/home/pi/ros2_ws/src/install/motortest/bin'
[6.074s] Level 1:colcon.colcon_core.environment:checking '/home/pi/ros2_ws/src/install/motortest/lib/pkgconfig/motortest.pc'
[6.075s] Level 1:colcon.colcon_core.environment:checking '/home/pi/ros2_ws/src/install/motortest/lib/python3.8/site-packages'
[6.075s] Level 1:colcon.colcon_core.shell:create_environment_hook('motortest', 'pythonpath')
[6.081s] INFO:colcon.colcon_core.shell:Creating environment hook '/home/pi/ros2_ws/src/install/motortest/share/motortest/hook/pythonpath.ps1'
[6.083s] INFO:colcon.colcon_core.shell:Creating environment descriptor '/home/pi/ros2_ws/src/install/motortest/share/motortest/hook/pythonpath.dsv'
[6.084s] INFO:colcon.colcon_core.shell:Creating environment hook '/home/pi/ros2_ws/src/install/motortest/share/motortest/hook/pythonpath.sh'
[6.086s] Level 1:colcon.colcon_core.environment:checking '/home/pi/ros2_ws/src/install/motortest/bin'
[6.087s] Level 1:colcon.colcon_core.environment:create_environment_scripts_only(motortest)
[6.092s] INFO:colcon.colcon_core.shell:Creating package script '/home/pi/ros2_ws/src/install/motortest/share/motortest/package.ps1'
[6.095s] INFO:colcon.colcon_core.shell:Creating package descriptor '/home/pi/ros2_ws/src/install/motortest/share/motortest/package.dsv'
[6.097s] INFO:colcon.colcon_core.shell:Creating package script '/home/pi/ros2_ws/src/install/motortest/share/motortest/package.sh'
[6.100s] INFO:colcon.colcon_core.shell:Creating package script '/home/pi/ros2_ws/src/install/motortest/share/motortest/package.bash'
[6.104s] INFO:colcon.colcon_core.shell:Creating package script '/home/pi/ros2_ws/src/install/motortest/share/motortest/package.zsh'
[6.107s] Level 1:colcon.colcon_core.environment:create_file_with_runtime_dependencies(/home/pi/ros2_ws/src/install/motortest/share/colcon-core/packages/motortest)
[6.109s] DEBUG:colcon.colcon_parallel_executor.executor.parallel:closing loop
[6.110s] DEBUG:colcon.colcon_parallel_executor.executor.parallel:loop closed
[6.112s] DEBUG:colcon.colcon_parallel_executor.executor.parallel:run_until_complete finished with '0'
[6.113s] DEBUG:colcon.colcon_core.event_reactor:joining thread
[6.140s] INFO:colcon.colcon_core.plugin_system:Skipping extension 'colcon_notification.desktop_notification.notify_send': Could not find 'notify-send'
[6.141s] INFO:colcon.colcon_core.plugin_system:Skipping extension 'colcon_notification.desktop_notification.terminal_notifier': Not used on non-Darwin systems
[6.141s] INFO:colcon.colcon_core.plugin_system:Skipping extension 'colcon_notification.desktop_notification.win32': Not used on non-Windows systems
[6.142s] INFO:colcon.colcon_notification.desktop_notification:Sending desktop notification using 'notify2'
[6.144s] DEBUG:colcon.colcon_notification.desktop_notification.notify2:Failed to initialize notify2: org.freedesktop.DBus.Error.ServiceUnknown: The name org.freedesktop.Notifications was not provided by any .service files
[6.145s] DEBUG:colcon.colcon_core.event_reactor:joined thread
[6.151s] INFO:colcon.colcon_core.shell:Creating prefix script '/home/pi/ros2_ws/src/install/local_setup.ps1'
[6.155s] INFO:colcon.colcon_core.shell:Creating prefix util module '/home/pi/ros2_ws/src/install/_local_setup_util_ps1.py'
[6.160s] INFO:colcon.colcon_core.shell:Creating prefix chain script '/home/pi/ros2_ws/src/install/setup.ps1'
[6.166s] INFO:colcon.colcon_core.shell:Creating prefix script '/home/pi/ros2_ws/src/install/local_setup.sh'
[6.169s] INFO:colcon.colcon_core.shell:Creating prefix util module '/home/pi/ros2_ws/src/install/_local_setup_util_sh.py'
[6.171s] INFO:colcon.colcon_core.shell:Creating prefix chain script '/home/pi/ros2_ws/src/install/setup.sh'
[6.177s] INFO:colcon.colcon_core.shell:Creating prefix script '/home/pi/ros2_ws/src/install/local_setup.bash'
[6.179s] INFO:colcon.colcon_core.shell:Creating prefix chain script '/home/pi/ros2_ws/src/install/setup.bash'
[6.185s] INFO:colcon.colcon_core.shell:Creating prefix script '/home/pi/ros2_ws/src/install/local_setup.zsh'
[6.188s] INFO:colcon.colcon_core.shell:Creating prefix chain script '/home/pi/ros2_ws/src/install/setup.zsh'
