[0.195s] Invoking command in '/home/pi/ros2_ws/src/build/articubot_one': CMAKE_PREFIX_PATH=${CMAKE_PREFIX_PATH}:/home/pi/ros2_ws/src/install/motor_publisher:/home/pi/ros2_ws/src/install/motortest:/home/pi/ros2_ws/install/motortest:/home/pi/ros2_ws/install/motor_publisher:/opt/ros/foxy /usr/bin/cmake /home/pi/ros2_ws/src/articubot_one -DAMENT_CMAKE_SYMLINK_INSTALL=1 -DCMAKE_INSTALL_PREFIX=/home/pi/ros2_ws/src/install/articubot_one
[1.596s] -- Found ament_cmake: 0.9.11 (/opt/ros/foxy/share/ament_cmake/cmake)
[1.599s] -- Using PYTHON_EXECUTABLE: /usr/bin/python3
[1.604s] -- Override CMake install command with custom implementation using symlinks instead of copying resources
[1.606s] -- Found ament_lint_auto: 0.9.7 (/opt/ros/foxy/share/ament_lint_auto/cmake)
[1.945s] -- Added test 'copyright' to check source files copyright and LICENSE
[2.015s] -- Added test 'flake8' to check Python code syntax and style conventions
[2.024s] -- Added test 'lint_cmake' to check CMake code style
[2.030s] -- Added test 'pep257' to check Python code against some of the style conventions in PEP 257
[2.067s] -- Added test 'xmllint' to check XML markup files
[2.078s] -- Configuring done
[2.093s] -- Generating done
[2.100s] -- Build files have been written to: /home/pi/ros2_ws/src/build/articubot_one
[2.874s] Invoked command in '/home/pi/ros2_ws/src/build/articubot_one' returned '0': CMAKE_PREFIX_PATH=${CMAKE_PREFIX_PATH}:/home/pi/ros2_ws/src/install/motor_publisher:/home/pi/ros2_ws/src/install/motortest:/home/pi/ros2_ws/install/motortest:/home/pi/ros2_ws/install/motor_publisher:/opt/ros/foxy /usr/bin/cmake /home/pi/ros2_ws/src/articubot_one -DAMENT_CMAKE_SYMLINK_INSTALL=1 -DCMAKE_INSTALL_PREFIX=/home/pi/ros2_ws/src/install/articubot_one
[2.890s] Invoking command in '/home/pi/ros2_ws/src/build/articubot_one': CMAKE_PREFIX_PATH=${CMAKE_PREFIX_PATH}:/home/pi/ros2_ws/src/install/motor_publisher:/home/pi/ros2_ws/src/install/motortest:/home/pi/ros2_ws/install/motortest:/home/pi/ros2_ws/install/motor_publisher:/opt/ros/foxy /usr/bin/cmake --build /home/pi/ros2_ws/src/build/articubot_one -- -j4 -l4
[3.113s] Invoked command in '/home/pi/ros2_ws/src/build/articubot_one' returned '0': CMAKE_PREFIX_PATH=${CMAKE_PREFIX_PATH}:/home/pi/ros2_ws/src/install/motor_publisher:/home/pi/ros2_ws/src/install/motortest:/home/pi/ros2_ws/install/motortest:/home/pi/ros2_ws/install/motor_publisher:/opt/ros/foxy /usr/bin/cmake --build /home/pi/ros2_ws/src/build/articubot_one -- -j4 -l4
[3.460s] Invoking command in '/home/pi/ros2_ws/src/build/articubot_one': CMAKE_PREFIX_PATH=${CMAKE_PREFIX_PATH}:/home/pi/ros2_ws/src/install/motor_publisher:/home/pi/ros2_ws/src/install/motortest:/home/pi/ros2_ws/install/motortest:/home/pi/ros2_ws/install/motor_publisher:/opt/ros/foxy /usr/bin/cmake --install /home/pi/ros2_ws/src/build/articubot_one
[3.513s] -- Install configuration: ""
[3.516s] -- Execute custom install script
[3.521s] -- Symlinking: /home/pi/ros2_ws/src/install/articubot_one/share/articubot_one/config/drive_bot.rviz
[3.561s] -- Symlinking: /home/pi/ros2_ws/src/install/articubot_one/share/articubot_one/config/empty.yaml
[3.616s] -- Symlinking: /home/pi/ros2_ws/src/install/articubot_one/share/articubot_one/config/gaz_ros2_ctl_use_sim.yaml
[3.660s] -- Symlinking: /home/pi/ros2_ws/src/install/articubot_one/share/articubot_one/config/gazebo_params.yaml
[3.706s] -- Symlinking: /home/pi/ros2_ws/src/install/articubot_one/share/articubot_one/config/joystick.yaml
[3.756s] -- Symlinking: /home/pi/ros2_ws/src/install/articubot_one/share/articubot_one/config/main.rviz
[3.801s] -- Symlinking: /home/pi/ros2_ws/src/install/articubot_one/share/articubot_one/config/my_controllers.yaml
[3.842s] -- Symlinking: /home/pi/ros2_ws/src/install/articubot_one/share/articubot_one/config/view_bot.rviz
[3.886s] -- Symlinking: /home/pi/ros2_ws/src/install/articubot_one/share/articubot_one/description/camera.xacro
[3.928s] -- Symlinking: /home/pi/ros2_ws/src/install/articubot_one/share/articubot_one/description/depth_camera.xacro
[3.968s] -- Symlinking: /home/pi/ros2_ws/src/install/articubot_one/share/articubot_one/description/face.xacro
[4.013s] -- Symlinking: /home/pi/ros2_ws/src/install/articubot_one/share/articubot_one/description/gazebo_control.xacro
[4.057s] -- Symlinking: /home/pi/ros2_ws/src/install/articubot_one/share/articubot_one/description/inertial_macros.xacro
[4.104s] -- Symlinking: /home/pi/ros2_ws/src/install/articubot_one/share/articubot_one/description/lidar.xacro
[4.146s] -- Symlinking: /home/pi/ros2_ws/src/install/articubot_one/share/articubot_one/description/robot.urdf.xacro
[4.201s] -- Symlinking: /home/pi/ros2_ws/src/install/articubot_one/share/articubot_one/description/robot_core.xacro
[4.252s] -- Symlinking: /home/pi/ros2_ws/src/install/articubot_one/share/articubot_one/description/ros2_control.xacro
[4.298s] -- Symlinking: /home/pi/ros2_ws/src/install/articubot_one/share/articubot_one/launch/camera.launch.py
[4.343s] -- Symlinking: /home/pi/ros2_ws/src/install/articubot_one/share/articubot_one/launch/joystick.launch.py
[4.389s] -- Symlinking: /home/pi/ros2_ws/src/install/articubot_one/share/articubot_one/launch/launch_robot.launch.py
[4.440s] -- Symlinking: /home/pi/ros2_ws/src/install/articubot_one/share/articubot_one/launch/launch_sim.launch.py
[4.500s] -- Symlinking: /home/pi/ros2_ws/src/install/articubot_one/share/articubot_one/launch/rplidar.launch.py
[4.549s] -- Symlinking: /home/pi/ros2_ws/src/install/articubot_one/share/articubot_one/launch/rsp.launch.py
[4.616s] -- Symlinking: /home/pi/ros2_ws/src/install/articubot_one/share/articubot_one/worlds/empty.world
[4.664s] -- Symlinking: /home/pi/ros2_ws/src/install/articubot_one/share/articubot_one/worlds/obstacles.world
[4.718s] -- Symlinking: /home/pi/ros2_ws/src/install/articubot_one/share/ament_index/resource_index/package_run_dependencies/articubot_one
[4.762s] -- Symlinking: /home/pi/ros2_ws/src/install/articubot_one/share/ament_index/resource_index/parent_prefix_path/articubot_one
[4.816s] -- Symlinking: /home/pi/ros2_ws/src/install/articubot_one/share/articubot_one/environment/ament_prefix_path.sh
[4.880s] -- Symlinking: /home/pi/ros2_ws/src/install/articubot_one/share/articubot_one/environment/ament_prefix_path.dsv
[4.932s] -- Symlinking: /home/pi/ros2_ws/src/install/articubot_one/share/articubot_one/environment/path.sh
[4.994s] -- Symlinking: /home/pi/ros2_ws/src/install/articubot_one/share/articubot_one/environment/path.dsv
[5.092s] -- Symlinking: /home/pi/ros2_ws/src/install/articubot_one/share/articubot_one/local_setup.bash
[5.138s] -- Symlinking: /home/pi/ros2_ws/src/install/articubot_one/share/articubot_one/local_setup.sh
[5.210s] -- Symlinking: /home/pi/ros2_ws/src/install/articubot_one/share/articubot_one/local_setup.zsh
[5.376s] -- Symlinking: /home/pi/ros2_ws/src/install/articubot_one/share/articubot_one/local_setup.dsv
[5.534s] -- Symlinking: /home/pi/ros2_ws/src/install/articubot_one/share/articubot_one/package.dsv
[5.596s] -- Symlinking: /home/pi/ros2_ws/src/install/articubot_one/share/ament_index/resource_index/packages/articubot_one
[5.726s] -- Symlinking: /home/pi/ros2_ws/src/install/articubot_one/share/articubot_one/cmake/articubot_oneConfig.cmake
[5.803s] -- Symlinking: /home/pi/ros2_ws/src/install/articubot_one/share/articubot_one/cmake/articubot_oneConfig-version.cmake
[5.852s] -- Symlinking: /home/pi/ros2_ws/src/install/articubot_one/share/articubot_one/package.xml
[5.956s] Invoked command in '/home/pi/ros2_ws/src/build/articubot_one' returned '0': CMAKE_PREFIX_PATH=${CMAKE_PREFIX_PATH}:/home/pi/ros2_ws/src/install/motor_publisher:/home/pi/ros2_ws/src/install/motortest:/home/pi/ros2_ws/install/motortest:/home/pi/ros2_ws/install/motor_publisher:/opt/ros/foxy /usr/bin/cmake --install /home/pi/ros2_ws/src/build/articubot_one
