[0.208s] Invoking command in '/home/pi/ros2_ws/src/build/articubot_one': CMAKE_PREFIX_PATH=/home/pi/ros2_ws/src/install/motortest:/home/pi/ros2_ws/install/motortest:/home/pi/ros2_ws/install/motor_publisher:/opt/ros/foxy /usr/bin/cmake /home/pi/ros2_ws/src/articubot_one -DCMAKE_INSTALL_PREFIX=/home/pi/ros2_ws/src/install/articubot_one
[1.694s] -- The C compiler identification is GNU 9.4.0
[1.790s] -- The CXX compiler identification is GNU 9.4.0
[1.854s] -- Check for working C compiler: /usr/bin/cc
[2.254s] -- Check for working C compiler: /usr/bin/cc -- works
[2.262s] -- Detecting C compiler ABI info
[2.607s] -- Detecting C compiler ABI info - done
[2.652s] -- Detecting C compile features
[2.654s] -- Detecting C compile features - done
[2.668s] -- Check for working CXX compiler: /usr/bin/c++
[3.168s] -- Check for working CXX compiler: /usr/bin/c++ -- works
[3.176s] -- Detecting CXX compiler ABI info
[3.661s] -- Detecting CXX compiler ABI info - done
[3.747s] -- Detecting CXX compile features
[3.750s] -- Detecting CXX compile features - done
[3.812s] -- Found ament_cmake: 0.9.11 (/opt/ros/foxy/share/ament_cmake/cmake)
[4.102s] -- Found PythonInterp: /usr/bin/python3 (found suitable version "3.8.10", minimum required is "3") 
[4.103s] -- Using PYTHON_EXECUTABLE: /usr/bin/python3
[6.144s] -- Found ament_lint_auto: 0.9.7 (/opt/ros/foxy/share/ament_lint_auto/cmake)
[7.287s] -- Added test 'copyright' to check source files copyright and LICENSE
[7.411s] -- Added test 'flake8' to check Python code syntax and style conventions
[7.452s] -- Added test 'lint_cmake' to check CMake code style
[7.480s] -- Added test 'pep257' to check Python code against some of the style conventions in PEP 257
[7.530s] -- Added test 'xmllint' to check XML markup files
[7.553s] -- Configuring done
[7.573s] -- Generating done
[7.580s] -- Build files have been written to: /home/pi/ros2_ws/src/build/articubot_one
[7.610s] Invoked command in '/home/pi/ros2_ws/src/build/articubot_one' returned '0': CMAKE_PREFIX_PATH=/home/pi/ros2_ws/src/install/motortest:/home/pi/ros2_ws/install/motortest:/home/pi/ros2_ws/install/motor_publisher:/opt/ros/foxy /usr/bin/cmake /home/pi/ros2_ws/src/articubot_one -DCMAKE_INSTALL_PREFIX=/home/pi/ros2_ws/src/install/articubot_one
[7.615s] Invoking command in '/home/pi/ros2_ws/src/build/articubot_one': CMAKE_PREFIX_PATH=/home/pi/ros2_ws/src/install/motortest:/home/pi/ros2_ws/install/motortest:/home/pi/ros2_ws/install/motor_publisher:/opt/ros/foxy /usr/bin/cmake --build /home/pi/ros2_ws/src/build/articubot_one -- -j4 -l4
[7.889s] Invoked command in '/home/pi/ros2_ws/src/build/articubot_one' returned '0': CMAKE_PREFIX_PATH=/home/pi/ros2_ws/src/install/motortest:/home/pi/ros2_ws/install/motortest:/home/pi/ros2_ws/install/motor_publisher:/opt/ros/foxy /usr/bin/cmake --build /home/pi/ros2_ws/src/build/articubot_one -- -j4 -l4
[8.243s] Invoking command in '/home/pi/ros2_ws/src/build/articubot_one': CMAKE_PREFIX_PATH=/home/pi/ros2_ws/src/install/motortest:/home/pi/ros2_ws/install/motortest:/home/pi/ros2_ws/install/motor_publisher:/opt/ros/foxy /usr/bin/cmake --install /home/pi/ros2_ws/src/build/articubot_one
[8.323s] -- Install configuration: ""
[8.327s] -- Installing: /home/pi/ros2_ws/src/install/articubot_one/share/articubot_one/config
[8.333s] -- Installing: /home/pi/ros2_ws/src/install/articubot_one/share/articubot_one/config/view_bot.rviz
[8.335s] -- Installing: /home/pi/ros2_ws/src/install/articubot_one/share/articubot_one/config/my_controllers.yaml
[8.337s] -- Installing: /home/pi/ros2_ws/src/install/articubot_one/share/articubot_one/config/drive_bot.rviz
[8.339s] -- Installing: /home/pi/ros2_ws/src/install/articubot_one/share/articubot_one/config/main.rviz
[8.340s] -- Installing: /home/pi/ros2_ws/src/install/articubot_one/share/articubot_one/config/joystick.yaml
[8.342s] -- Installing: /home/pi/ros2_ws/src/install/articubot_one/share/articubot_one/config/gazebo_params.yaml
[8.344s] -- Installing: /home/pi/ros2_ws/src/install/articubot_one/share/articubot_one/config/gaz_ros2_ctl_use_sim.yaml
[8.346s] -- Installing: /home/pi/ros2_ws/src/install/articubot_one/share/articubot_one/config/empty.yaml
[8.347s] -- Installing: /home/pi/ros2_ws/src/install/articubot_one/share/articubot_one/description
[8.349s] -- Installing: /home/pi/ros2_ws/src/install/articubot_one/share/articubot_one/description/ros2_control.xacro
[8.354s] -- Installing: /home/pi/ros2_ws/src/install/articubot_one/share/articubot_one/description/inertial_macros.xacro
[8.357s] -- Installing: /home/pi/ros2_ws/src/install/articubot_one/share/articubot_one/description/depth_camera.xacro
[8.359s] -- Installing: /home/pi/ros2_ws/src/install/articubot_one/share/articubot_one/description/robot_core.xacro
[8.361s] -- Installing: /home/pi/ros2_ws/src/install/articubot_one/share/articubot_one/description/robot.urdf.xacro
[8.363s] -- Installing: /home/pi/ros2_ws/src/install/articubot_one/share/articubot_one/description/camera.xacro
[8.365s] -- Installing: /home/pi/ros2_ws/src/install/articubot_one/share/articubot_one/description/gazebo_control.xacro
[8.367s] -- Installing: /home/pi/ros2_ws/src/install/articubot_one/share/articubot_one/description/lidar.xacro
[8.369s] -- Installing: /home/pi/ros2_ws/src/install/articubot_one/share/articubot_one/description/face.xacro
[8.370s] -- Installing: /home/pi/ros2_ws/src/install/articubot_one/share/articubot_one/launch
[8.372s] -- Installing: /home/pi/ros2_ws/src/install/articubot_one/share/articubot_one/launch/camera.launch.py
[8.375s] -- Installing: /home/pi/ros2_ws/src/install/articubot_one/share/articubot_one/launch/rplidar.launch.py
[8.378s] -- Installing: /home/pi/ros2_ws/src/install/articubot_one/share/articubot_one/launch/launch_robot.launch.py
[8.381s] -- Installing: /home/pi/ros2_ws/src/install/articubot_one/share/articubot_one/launch/rsp.launch.py
[8.384s] -- Installing: /home/pi/ros2_ws/src/install/articubot_one/share/articubot_one/launch/joystick.launch.py
[8.387s] -- Installing: /home/pi/ros2_ws/src/install/articubot_one/share/articubot_one/launch/launch_sim.launch.py
[8.391s] -- Installing: /home/pi/ros2_ws/src/install/articubot_one/share/articubot_one/worlds
[8.395s] -- Installing: /home/pi/ros2_ws/src/install/articubot_one/share/articubot_one/worlds/empty.world
[8.398s] -- Installing: /home/pi/ros2_ws/src/install/articubot_one/share/articubot_one/worlds/obstacles.world
[8.401s] -- Installing: /home/pi/ros2_ws/src/install/articubot_one/share/ament_index/resource_index/package_run_dependencies/articubot_one
[8.404s] -- Installing: /home/pi/ros2_ws/src/install/articubot_one/share/ament_index/resource_index/parent_prefix_path/articubot_one
[8.418s] -- Installing: /home/pi/ros2_ws/src/install/articubot_one/share/articubot_one/environment/ament_prefix_path.sh
[8.422s] -- Installing: /home/pi/ros2_ws/src/install/articubot_one/share/articubot_one/environment/ament_prefix_path.dsv
[8.424s] -- Installing: /home/pi/ros2_ws/src/install/articubot_one/share/articubot_one/environment/path.sh
[8.425s] -- Installing: /home/pi/ros2_ws/src/install/articubot_one/share/articubot_one/environment/path.dsv
[8.426s] -- Installing: /home/pi/ros2_ws/src/install/articubot_one/share/articubot_one/local_setup.bash
[8.427s] -- Installing: /home/pi/ros2_ws/src/install/articubot_one/share/articubot_one/local_setup.sh
[8.428s] -- Installing: /home/pi/ros2_ws/src/install/articubot_one/share/articubot_one/local_setup.zsh
[8.429s] -- Installing: /home/pi/ros2_ws/src/install/articubot_one/share/articubot_one/local_setup.dsv
[8.430s] -- Installing: /home/pi/ros2_ws/src/install/articubot_one/share/articubot_one/package.dsv
[8.431s] -- Installing: /home/pi/ros2_ws/src/install/articubot_one/share/ament_index/resource_index/packages/articubot_one
[8.432s] -- Installing: /home/pi/ros2_ws/src/install/articubot_one/share/articubot_one/cmake/articubot_oneConfig.cmake
[8.433s] -- Installing: /home/pi/ros2_ws/src/install/articubot_one/share/articubot_one/cmake/articubot_oneConfig-version.cmake
[8.434s] -- Installing: /home/pi/ros2_ws/src/install/articubot_one/share/articubot_one/package.xml
[8.449s] Invoked command in '/home/pi/ros2_ws/src/build/articubot_one' returned '0': CMAKE_PREFIX_PATH=/home/pi/ros2_ws/src/install/motortest:/home/pi/ros2_ws/install/motortest:/home/pi/ros2_ws/install/motor_publisher:/opt/ros/foxy /usr/bin/cmake --install /home/pi/ros2_ws/src/build/articubot_one
